-0.54286206
-0.6976447
-0.74345475
-0.2781762
-0.7424596
-0.6795001
-0.4627427
-0.042200148
-0.25254807
-0.51782143
-0.6157372
-0.35550615
-1.0112151
-0.66502637
-0.93593323
-0.87387156
-0.21093962
-0.50244284
-0.71929383
-0.67353165
-0.05696225
-0.9221797
-0.8755833
-0.9417509
-0.72159475
-1.0558901
-0.8001475
-1.0466251
-0.3333603
-0.76958734
-0.31967184
-0.5709284
-1.0388216
-0.39662942
-0.15865883
-0.49874598
-0.1917248
-0.7701306
-1.0266509
-0.9172947
-0.65313476
-0.9901016
-0.7941485
-0.7633711
-0.6477331
-0.8296596
-0.5891199
-0.7827547
-0.52746683
-0.5169485
-0.33861887
-0.8250197
-0.7678916
-0.937726
-0.97973627
-1.0002135
-0.41670603
-0.769104
-0.61738765
-0.4706449
-0.75135785
-0.5414821
-1.0472478
-0.9124426
-0.71332467
-0.07314968
-0.6811957
-0.7050974
-0.9999999
-1.016376
-0.2071642
-0.72629017
-0.83089536
-0.92949456
-0.86442924
-0.3260332
-0.57111895
-0.99552834
-1.0146104
-0.9998894
-0.4810657
-0.36655143
-0.33336136
-0.8736772
-0.3764815
-0.77455616
-0.8124387
-0.6856611
-1.0085292
-0.390325
-0.78895307
-0.9425159
0.014454246
-0.40780044
-0.53757554
-0.40893582
-0.79804444
-0.60663575
-0.7267904
-1.0554881
-0.9965383
-0.6667609
-1.0004461
-0.56290495
-0.23104769
-0.4086876
-0.72917527
-0.49225485
-0.40725684
-0.9746213
-0.61177164
-0.99002135
-0.9139067
-0.7981387
-1.0001011
-1.0007347
-0.45378527
-0.5858701
-0.7501707
-0.4994889
-0.5401056
-0.36458087
-0.24153766
-0.9394605
-0.72921187
-1.0155164
-0.23136118
-1.0214056
-0.963621
-0.55632687
-0.61159384
-0.4954485
-0.97238314
-0.45373553
-0.5346909
-0.7495064
-1.0005971
-0.5600024
-0.97151107
-0.47543687
-0.2720488
-0.9075284
-0.55940664
-0.7225287
-0.57315457
-0.21735904
-0.8823258
-0.2486026
-0.39738962
-0.7987769
-1.017686
-1.026459
-1.0144699
-0.81325495
-1.055083
-1.0279665
-0.45984638
-0.9894774
-0.67441165
-0.58875036
-0.59630567
-0.618199
-0.99983054
-0.012894273
-0.66805476
-0.6966755
-0.9726366
-0.7531965
-0.80016774
-0.7050163
-0.7235907
-0.37092933
-0.374433
-0.96199834
-0.8842132
-0.618331
-0.38458684
-0.7927267
-0.6098988
-1.0499076
-0.7029994
-0.507269
-0.49131587
-0.93244207
-0.7133052
-0.94701266
-0.026280642
-0.67760885
-0.9205122
-0.31244493
-0.97261566
-0.42636645
-0.75515497
-0.42436644
-0.7712299
-0.99996495
-0.955922
-1.0159526
-0.8527963
-0.51664656
-0.6494586
-0.35815474
0.009631574
-0.42374855
-0.08207244
-0.73873276
-1.0006237
-0.36013672
-0.3432968
-0.7344023
-0.6257105
-0.79267955
-1.0275098
-0.19331169
-0.932151
-0.9573847
-1.0016307
-0.52179307
-0.45204908
-1.0175352
-0.18687546
-0.2645569
-0.98666954
-0.519904
-0.92377985
-0.72517306
-0.6291063
-0.5736102
-0.7518115
-0.7339634
-0.5282498
-0.56916344
-0.9092468
-0.38400456
-0.55208194
-0.5616915
-0.9742156
-0.19551802
-0.9951901
-0.98803914
-0.5186029
-0.9861282
-0.9999999
-0.6362786
-0.97747016
-0.31037605
-0.37452716
-1.0005049
-0.7632173
-0.0348745
-0.48010013
-0.99917257
-0.7716948
-0.9536365
-0.81994605
-0.8974583
-0.7080626
-0.18766734
-0.92791307
-0.9650168
-1.0220065
-0.001393795
-0.8302825
-1.0253727
-0.61115843
-0.7643552
-0.7609181
-0.9941287
-0.6649564
-0.4453408
